#
# There is insufficient memory for the Java Runtime Environment to continue.
# Native memory allocation (malloc) failed to allocate 1048576 bytes for AllocateHeap
# Possible reasons:
#   The system is out of physical RAM or swap space
#   The process is running with CompressedOops enabled, and the Java Heap may be blocking the growth of the native heap
# Possible solutions:
#   Reduce memory load on the system
#   Increase physical memory or swap space
#   Check if swap backing store is full
#   Decrease Java heap size (-Xmx/-Xms)
#   Decrease number of Java threads
#   Decrease Java thread stack sizes (-Xss)
#   Set larger code cache with -XX:ReservedCodeCacheSize=
#   JVM is running with Zero Based Compressed Oops mode in which the Java heap is
#     placed in the first 32GB address space. The Java Heap base address is the
#     maximum limit for the native heap growth. Please use -XX:HeapBaseMinAddress
#     to set the Java Heap base and to place the Java Heap above 32GB virtual address.
# This output file may be truncated or incomplete.
#
#  Out of Memory Error (memory/allocation.inline.hpp:61), pid=42004, tid=0x0000000000009b6c
#
# JRE version:  (8.0_212-b04) (build )
# Java VM: OpenJDK 64-Bit Server VM (25.212-b04 mixed mode windows-amd64 compressed oops)
# Failed to write core dump. Minidumps are not enabled by default on client versions of Windows
#

---------------  T H R E A D  ---------------

Current thread (0x000000000275e000):  JavaThread "Unknown thread" [_thread_in_vm, id=39788, stack(0x0000000002650000,0x0000000002750000)]

Stack: [0x0000000002650000,0x0000000002750000]
[error occurred during error reporting (printing stack bounds), id 0xc0000005]

Native frames: (J=compiled Java code, j=interpreted, Vv=VM code, C=native code)


---------------  P R O C E S S  ---------------

Java Threads: ( => current thread )

Other Threads:

=>0x000000000275e000 (exited) JavaThread "Unknown thread" [_thread_in_vm, id=39788, stack(0x0000000002650000,0x0000000002750000)]

VM state:not at safepoint (normal execution)

VM Mutex/Monitor currently owned by a thread: None

heap address: 0x00000006c3000000, size: 4048 MB, Compressed Oops mode: Zero based, Oop shift amount: 3
Narrow klass base: 0x0000000000000000, Narrow klass shift: 3
Compressed class space size: 1073741824 Address: 0x00000007c0000000

Heap:
 PSYoungGen      total 75776K, used 1300K [0x000000076bb00000, 0x0000000770f80000, 0x00000007c0000000)
  eden space 65024K, 2% used [0x000000076bb00000,0x000000076bc451f8,0x000000076fa80000)
  from space 10752K, 0% used [0x0000000770500000,0x0000000770500000,0x0000000770f80000)
  to   space 10752K, 0% used [0x000000076fa80000,0x000000076fa80000,0x0000000770500000)
 ParOldGen       total 173568K, used 0K [0x00000006c3000000, 0x00000006cd980000, 0x000000076bb00000)
  object space 173568K, 0% used [0x00000006c3000000,0x00000006c3000000,0x00000006cd980000)
 Metaspace       used 778K, capacity 4480K, committed 4480K, reserved 1056768K
  class space    used 74K, capacity 384K, committed 384K, reserved 1048576K

Card table byte_map: [0x0000000011c10000,0x0000000012400000] byte_map_base: 0x000000000e5f8000

Marking Bits: (ParMarkBitMap*) 0x0000000058a59f30
 Begin Bits: [0x0000000013350000, 0x0000000017290000)
 End Bits:   [0x0000000017290000, 0x000000001b1d0000)

Polling page: 0x0000000000c60000

CodeCache: size=245760Kb used=328Kb max_used=328Kb free=245431Kb
 bounds [0x0000000002850000, 0x0000000002ac0000, 0x0000000011850000]
 total_blobs=57 nmethods=0 adapters=38
 compilation: enabled

Compilation events (0 events):
No events

GC Heap History (0 events):
No events

Deoptimization events (0 events):
No events

Classes redefined (0 events):
No events

Internal exceptions (0 events):
No events

Events (10 events):
Event: 0.015 loading class java/lang/Short
Event: 0.015 loading class java/lang/Short done
Event: 0.015 loading class java/lang/Integer
Event: 0.015 loading class java/lang/Integer done
Event: 0.015 loading class java/lang/Long
Event: 0.015 loading class java/lang/Long done
Event: 0.016 loading class java/lang/NullPointerException
Event: 0.016 loading class java/lang/NullPointerException done
Event: 0.016 loading class java/lang/ArithmeticException
Event: 0.016 loading class java/lang/ArithmeticException done


Dynamic libraries:
0x00007ff63aac0000 - 0x00007ff63aaf1000 	C:\Program Files\Android\Android Studio\jre\jre\bin\java.exe
0x00007ffe8ace0000 - 0x00007ffe8aed0000 	C:\WINDOWS\SYSTEM32\ntdll.dll
0x00007ffe897d0000 - 0x00007ffe89882000 	C:\WINDOWS\System32\KERNEL32.DLL
0x00007ffe885c0000 - 0x00007ffe88863000 	C:\WINDOWS\System32\KERNELBASE.dll
0x00007ffe89e30000 - 0x00007ffe89ed3000 	C:\WINDOWS\System32\ADVAPI32.dll
0x00007ffe89040000 - 0x00007ffe890de000 	C:\WINDOWS\System32\msvcrt.dll
0x00007ffe88fa0000 - 0x00007ffe89037000 	C:\WINDOWS\System32\sechost.dll
0x00007ffe899d0000 - 0x00007ffe89af0000 	C:\WINDOWS\System32\RPCRT4.dll
0x00007ffe8ab00000 - 0x00007ffe8ac94000 	C:\WINDOWS\System32\USER32.dll
0x00007ffe87d10000 - 0x00007ffe87d31000 	C:\WINDOWS\System32\win32u.dll
0x00007ffe89ee0000 - 0x00007ffe89f06000 	C:\WINDOWS\System32\GDI32.dll
0x00007ffe88bf0000 - 0x00007ffe88d84000 	C:\WINDOWS\System32\gdi32full.dll
0x00007ffe87c70000 - 0x00007ffe87d0e000 	C:\WINDOWS\System32\msvcp_win.dll
0x00007ffe888a0000 - 0x00007ffe8899a000 	C:\WINDOWS\System32\ucrtbase.dll
0x00007ffe6f5f0000 - 0x00007ffe6f875000 	C:\WINDOWS\WinSxS\amd64_microsoft.windows.common-controls_6595b64144ccf1df_6.0.18362.778_none_e6c6b761130d4fb8\COMCTL32.dll
0x00007ffe89f10000 - 0x00007ffe8a246000 	C:\WINDOWS\System32\combase.dll
0x00007ffe88520000 - 0x00007ffe885a0000 	C:\WINDOWS\System32\bcryptPrimitives.dll
0x00007ffe88f70000 - 0x00007ffe88f9e000 	C:\WINDOWS\System32\IMM32.DLL
0x0000000059460000 - 0x0000000059532000 	C:\Program Files\Android\Android Studio\jre\jre\bin\msvcr100.dll
0x0000000058290000 - 0x0000000058ad6000 	C:\Program Files\Android\Android Studio\jre\jre\bin\server\jvm.dll
0x00007ffe895c0000 - 0x00007ffe895c8000 	C:\WINDOWS\System32\PSAPI.DLL
0x00007ffe86660000 - 0x00007ffe86669000 	C:\WINDOWS\SYSTEM32\WSOCK32.dll
0x00007ffe856e0000 - 0x00007ffe85704000 	C:\WINDOWS\SYSTEM32\WINMM.dll
0x00007ffe81610000 - 0x00007ffe8161a000 	C:\WINDOWS\SYSTEM32\VERSION.dll
0x00007ffe89760000 - 0x00007ffe897cf000 	C:\WINDOWS\System32\WS2_32.dll
0x00007ffe856b0000 - 0x00007ffe856dd000 	C:\WINDOWS\SYSTEM32\WINMMBASE.dll
0x00007ffe88af0000 - 0x00007ffe88b3a000 	C:\WINDOWS\System32\cfgmgr32.dll
0x00007ffe82420000 - 0x00007ffe8242f000 	C:\Program Files\Android\Android Studio\jre\jre\bin\verify.dll
0x00007ffe62100000 - 0x00007ffe62129000 	C:\Program Files\Android\Android Studio\jre\jre\bin\java.dll
0x00007ffe7eae0000 - 0x00007ffe7eaf6000 	C:\Program Files\Android\Android Studio\jre\jre\bin\zip.dll

VM Arguments:
java_command: org.jetbrains.kotlin.cli.jvm.K2JVMCompiler -Xallow-no-source-files -classpath C:\Users\Alberto\.gradle\caches\transforms-2\files-2.1\1d55cf81d8bef0ff39a5127dd910002a\databinding-adapters-3.5.3-api.jar;C:\Users\Alberto\.gradle\caches\transforms-2\files-2.1\9afc18d141180afaf4de55a73e154f88\databinding-runtime-3.5.3-api.jar;C:\Users\Alberto\.gradle\caches\modules-2\files-2.1\androidx.databinding\databinding-common\3.5.3\72bb6cb779ae61710a01ff76d9d3cab355c44a4f\databinding-common-3.5.3.jar;C:\Users\Alberto\.gradle\caches\transforms-2\files-2.1\63804a6403844298ec34503f94291d46\lifecycle-extensions-2.0.0-api.jar;C:\Users\Alberto\.gradle\caches\transforms-2\files-2.1\a1d51d1420a7b8df1a8ccfc173003e63\material-1.0.0-api.jar;C:\Users\Alberto\.gradle\caches\transforms-2\files-2.1\8ec246e1ad6bee47d9d3e76c54f0c68d\appcompat-1.1.0-api.jar;C:\Users\Alberto\.gradle\caches\transforms-2\files-2.1\e779d7468482f4d9768199c63565ff04\core-ktx-1.2.0-api.jar;C:\Users\Alberto\.gradle\caches\transforms-2\files-2.1\3c346c2e42a94eb4a64a648b0ed2f155\recyclerview-1.0.0-api.jar;C:\Users\Alberto\.gradle\caches\transforms-2\files-2.1\400e6bef6948d7c911ea2e9ce1ecad22\fragment-1.1.0-api.jar;C:\Users\Alberto\.gradle\caches\transforms-2\files-2.1\3215133f2ed9f3f184dca7ebc990e00e\appcompat-resources-1.1.0-api.jar;C:\Users\Alberto\.gradle\caches\transforms-2\files-2.1\200c973efd01763f55b8ddae6af6cc8d\legacy-support-core-ui-1.0.0-api.jar;C:\Users\Alberto\.gradle\caches\transforms-2\files-2.1\16f815cf86458caf9185496e47841397\drawerlayout-1.0.0-api.jar;C:\Users\Alberto\.gradle\caches\transforms-2\files-2.1\2fe35ca0521ab3c564880888df19ed6f\legacy-support-core-utils-1.0.0-api.jar;C:\Users\Alberto\.gradle\caches\transforms-2\files-2.1\37aac98a9ee54a127d7633c70a4e5d3a\transition-1.0.0-api.jar;C:\Users\Alberto\.gradle\caches\transforms-2\files-2.1\8a0c5a7236f81635d711585f13521d71\viewpager-1.0.0-api.jar;C:\Users\Alberto\.gradle\caches\transforms-2\files-2.1\8ea2b05546d5a1788b15266d14ef57dc\loader-
java_class_path (initial): C:\Users\Alberto\.gradle\caches\modules-2\files-2.1\org.jetbrains.kotlin\kotlin-compiler-embeddable\1.3.61\c35c0833d5a1e3d229359758482c480306724618\kotlin-compiler-embeddable-1.3.61.jar;C:\Users\Alberto\.gradle\caches\modules-2\files-2.1\org.jetbrains.kotlin\kotlin-reflect\1.3.61\2e07c9a84c9e118efb70eede7e579fd663932122\kotlin-reflect-1.3.61.jar;C:\Users\Alberto\.gradle\caches\modules-2\files-2.1\org.jetbrains.kotlin\kotlin-stdlib\1.3.61\4702105e97f7396ae41b113fdbdc180ec1eb1e36\kotlin-stdlib-1.3.61.jar;C:\Users\Alberto\.gradle\caches\modules-2\files-2.1\org.jetbrains.kotlin\kotlin-script-runtime\1.3.61\e5feb39c8de63dcbdc1154b34ca4413874231605\kotlin-script-runtime-1.3.61.jar;C:\Users\Alberto\.gradle\caches\modules-2\files-2.1\org.jetbrains.kotlin\kotlin-daemon-embeddable\1.3.61\4de83e41a92c8395d89ab2e81d26b788ba163824\kotlin-daemon-embeddable-1.3.61.jar;C:\Users\Alberto\.gradle\caches\modules-2\files-2.1\org.jetbrains.intellij.deps\trove4j\1.0.20181211\216c2e14b070f334479d800987affe4054cd563f\trove4j-1.0.20181211.jar;C:\Users\Alberto\.gradle\caches\modules-2\files-2.1\org.jetbrains.kotlin\kotlin-stdlib-common\1.3.61\65abb71d5afb850b68be03987b08e2c864ca3110\kotlin-stdlib-common-1.3.61.jar;C:\Users\Alberto\.gradle\caches\modules-2\files-2.1\org.jetbrains\annotations\13.0\919f0dfe192fb4e063e7dacadee7f8bb9a2672a9\annotations-13.0.jar;C:\Program Files\Android\Android Studio\jre\lib\tools.jar
Launcher Type: SUN_STANDARD

Environment Variables:
JAVA_HOME=C:\Program Files\Java\jdk1.8.0_111
PATH=C:\Program Files\Java\jdk1.8.0_111\bin;C:\apache-maven-3.6.3\bin;C:\Program Files (x86)\Common Files\Oracle\Java\javapath;C:\ProgramData\Oracle\Java\javapath;C:\WINDOWS\system32;C:\WINDOWS;C:\WINDOWS\System32\Wbem;C:\WINDOWS\System32\WindowsPowerShell\v1.0\;C:\WINDOWS\system32\config\systemprofile\.dnx\bin;C:\Program Files\Microsoft DNX\Dnvm\;C:\Program Files\Microsoft SQL Server\130\Tools\Binn\;C:\Program Files (x86)\Windows Kits\10\Windows Performance Toolkit\;C:\Program Files (x86)\GtkSharp\2.12\bin;C:\Program Files\PuTTY\;C:\Program Files\Git\cmd;C:\WINDOWS\System32\OpenSSH\;C:\Program Files\nodejs\;C:\Program Files\AutoFirma\AutoFirma;;C:\Program Files\Docker\Docker\resources\bin;C:\ProgramData\DockerDesktop\version-bin;C:\Users\Alberto\AppData\Local\Android\sdk\platform-tools;C:\Ruby26-x64\bin;C:\Users\Alberto\AppData\Local\Microsoft\WindowsApps;C:\Users\Alberto\AppData\Local\atom\bin;;C:\Users\Alberto\AppData\Local\Microsoft\WindowsApps;C:\Users\Alberto\AppData\Roaming\npm;C:\Users\Alberto\AppData\Local\Programs\Microsoft VS Code\bin
USERNAME=Alberto
OS=Windows_NT
PROCESSOR_IDENTIFIER=Intel64 Family 6 Model 158 Stepping 10, GenuineIntel



---------------  S Y S T E M  ---------------

OS: Windows 10.0 , 64 bit Build 18362 (10.0.18362.778)

CPU:total 12 (initial active 12) (6 cores per cpu, 2 threads per core) family 6 model 158 stepping 10, cmov, cx8, fxsr, mmx, sse, sse2, sse3, ssse3, sse4.1, sse4.2, popcnt, avx, avx2, aes, clmul, erms, 3dnowpref, lzcnt, ht, tsc, tscinvbit, bmi1, bmi2, adx

Memory: 4k page, physical 16579892k(1220244k free), swap 47661200k(5176k free)

vm_info: OpenJDK 64-Bit Server VM (25.212-b04) for windows-amd64 JRE (1.8.0_212-release-1586-b04), built by "builder" with MS VC++ 10.0 (VS2010)

time: Thu May 07 14:25:14 2020
timezone: Hora de verano romance
elapsed time: 0 seconds (0d 0h 0m 0s)

